2016-09-22 11:00:46  INFO com.beecloud.ui.BeeCloudWindow.initWindow: 127 - 初始化完成
2016-09-22 11:00:47  INFO com.beecloud.ui.BeeCloudWindow.itemStateChanged: 200 - The Project you selected is:abc
2016-09-22 11:00:49  INFO com.beecloud.ui.BeeCloudWindow.itemStateChanged: 200 - The Project you selected is:ANSC
2016-09-22 11:00:53  INFO com.beecloud.ui.BeeCloudWindow.itemStateChanged: 200 - The Project you selected is:cwd-dashboard
2016-09-22 11:00:56  INFO com.beecloud.ui.BeeCloudWindow.itemStateChanged: 200 - The Project you selected is:demo
2016-09-22 11:01:26  INFO com.beecloud.ui.BeeCloudWindow.initWindow: 127 - 初始化完成
2016-09-22 11:01:26  INFO com.beecloud.ui.BeeCloudWindow.itemStateChanged: 200 - The Project you selected is:abc
2016-09-22 11:01:28  INFO com.beecloud.ui.BeeCloudWindow.itemStateChanged: 200 - The Project you selected is:Beta
2016-09-22 11:01:44  INFO com.beecloud.ui.BeeCloudWindow.actionPerformed: 167 - selected file:C:\Users\dell\Desktop\TestCase.xls
2016-09-22 11:01:44 ERROR com.beecloud.ui.BeeCloudWindow.actionPerformed: 178 - null
2016-09-22 11:05:28  INFO com.beecloud.ui.BeeCloudWindow.initWindow: 127 - 初始化完成
2016-09-22 11:05:29  INFO com.beecloud.ui.BeeCloudWindow.itemStateChanged: 200 - The Project you selected is:abc
2016-09-22 11:05:35  INFO com.beecloud.ui.BeeCloudWindow.actionPerformed: 167 - selected file:C:\Users\dell\Documents\123.xml
2016-09-22 11:05:35 ERROR com.beecloud.ui.BeeCloudWindow.actionPerformed: 178 - Invalid File Format,Please Check Your file
2016-09-22 11:05:47  INFO com.beecloud.ui.BeeCloudWindow.itemStateChanged: 200 - The Project you selected is:cwd
2016-09-22 11:06:05  INFO com.beecloud.ui.BeeCloudWindow.actionPerformed: 167 - selected file:C:\Users\dell\Desktop\TestCase.xls
2016-09-22 11:06:05 ERROR com.beecloud.ui.BeeCloudWindow.actionPerformed: 178 - null
2016-09-22 11:08:25  INFO com.beecloud.ui.BeeCloudWindow.initWindow: 127 - 初始化完成
2016-09-22 11:08:25  INFO com.beecloud.ui.BeeCloudWindow.itemStateChanged: 204 - The Project you selected is:abc
2016-09-22 11:08:29  INFO com.beecloud.ui.BeeCloudWindow.itemStateChanged: 204 - The Project you selected is:cwd-dashboard
2016-09-22 11:08:46  INFO com.beecloud.ui.BeeCloudWindow.actionPerformed: 167 - selected file:C:\Users\dell\Desktop\TestCase.xls
2016-09-22 11:08:46 ERROR com.beecloud.ui.BeeCloudWindow.actionPerformed: 182 - null
2016-09-22 11:09:27  INFO com.beecloud.ui.BeeCloudWindow.initWindow: 127 - 初始化完成
2016-09-22 11:09:27  INFO com.beecloud.ui.BeeCloudWindow.itemStateChanged: 205 - The Project you selected is:abc
2016-09-22 11:09:31  INFO com.beecloud.ui.BeeCloudWindow.itemStateChanged: 205 - The Project you selected is:DC
2016-09-22 11:09:54  INFO com.beecloud.ui.BeeCloudWindow.actionPerformed: 167 - selected file:C:\Users\dell\Desktop\TestCase.xls
2016-09-22 11:09:54 ERROR com.beecloud.ui.BeeCloudWindow.actionPerformed: 183 - null
2016-09-22 11:11:00  INFO com.beecloud.ui.BeeCloudWindow.initWindow: 127 - 初始化完成
2016-09-22 11:11:01  INFO com.beecloud.ui.BeeCloudWindow.itemStateChanged: 203 - The Project you selected is:abc
2016-09-22 11:11:04  INFO com.beecloud.ui.BeeCloudWindow.itemStateChanged: 203 - The Project you selected is:DC
2016-09-22 11:11:41  INFO com.beecloud.ui.BeeCloudWindow.actionPerformed: 167 - selected file:C:\Users\dell\Desktop\TestCase.xls
2016-09-22 11:11:41 ERROR com.beecloud.ui.BeeCloudWindow.actionPerformed: 181 - java.lang.NullPointerException
2016-09-22 11:13:48  INFO com.beecloud.ui.BeeCloudWindow.initWindow: 127 - 初始化完成
2016-09-22 11:13:49  INFO com.beecloud.ui.BeeCloudWindow.itemStateChanged: 203 - The Project you selected is:abc
2016-09-22 11:13:59  INFO com.beecloud.ui.BeeCloudWindow.itemStateChanged: 203 - The Project you selected is:Beta
2016-09-22 11:14:31  INFO com.beecloud.ui.BeeCloudWindow.actionPerformed: 167 - selected file:C:\Users\dell\Desktop\TestCase.xls
2016-09-22 11:14:31 ERROR com.beecloud.ui.BeeCloudWindow.actionPerformed: 181 - java.lang.Exception: No sheet Found by the name:Beta
2016-09-22 11:30:10  INFO com.beecloud.ui.BeeCloudWindow.initWindow: 127 - 初始化完成
2016-09-22 11:30:10  INFO com.beecloud.ui.BeeCloudWindow.itemStateChanged: 204 - The Project you selected is:abc
2016-09-22 11:30:14  INFO com.beecloud.ui.BeeCloudWindow.itemStateChanged: 204 - The Project you selected is:Beta
2016-09-22 11:30:28  INFO com.beecloud.ui.BeeCloudWindow.actionPerformed: 167 - selected file:C:\Users\dell\Desktop\TestCase.xls
2016-09-22 11:30:29 ERROR com.beecloud.ui.BeeCloudWindow.actionPerformed: 182 - java.lang.Exception: 没找到这个sheet页,请检查用例文件中是否存在===>Beta
2016-09-22 13:36:16  INFO com.beecloud.ui.BeeCloudWindow.initWindow: 127 - 初始化完成
2016-09-22 13:36:16  INFO com.beecloud.ui.BeeCloudWindow.itemStateChanged: 204 - The Project you selected is:abc
2016-09-22 13:36:19  INFO com.beecloud.ui.BeeCloudWindow.actionPerformed: 167 - selected file:C:\Users\dell\Documents\123.xml
2016-09-22 13:36:19 ERROR com.beecloud.ui.BeeCloudWindow.actionPerformed: 182 - java.lang.Exception: Invalid File Format,Please Check Your file
2016-09-22 13:36:32  INFO com.beecloud.ui.BeeCloudWindow.itemStateChanged: 204 - The Project you selected is:demo
2016-09-22 13:37:26  INFO com.beecloud.ui.BeeCloudWindow.actionPerformed: 167 - selected file:C:\Users\dell\Desktop\TestCase.xls
2016-09-22 13:37:26 ERROR com.beecloud.ui.BeeCloudWindow.actionPerformed: 182 - java.lang.Exception: No Sheet Found by Name:demo
2016-09-22 13:38:02  INFO com.beecloud.ui.BeeCloudWindow.itemStateChanged: 204 - The Project you selected is:abc
2016-09-22 13:38:23  INFO com.beecloud.ui.BeeCloudWindow.actionPerformed: 167 - selected file:C:\Users\dell\Desktop\TestCase.xls
2016-09-22 13:38:23  INFO com.beecloud.ui.BeeCloudWindow.actionPerformed: 174 - TestCase importer is starting...
2016-09-22 13:38:23  INFO com.beecloud.ui.BeeCloudWindow.actionPerformed: 176 - addIssue for project:abc
2016-09-22 13:38:23  INFO com.beecloud.ui.BeeCloudWindow.actionPerformed: 177 - TestCase [caseName=测试用例1, reporter=admin, description=工具导入测试1, priorityName=High, component=null, labels=[label1], assignee=admin, sprint=null, steps=[{"step":"1","data":"1","result":"1"}, 
{"step":"2","data":"2","result":"3"}, 
{"step":"3","data":"3","result":"3"}], commit=自动添加备注1]
2016-09-22 13:38:25  INFO com.beecloud.ui.BeeCloudWindow.actionPerformed: 176 - addIssue for project:abc
2016-09-22 13:38:25  INFO com.beecloud.ui.BeeCloudWindow.actionPerformed: 177 - TestCase [caseName=测试用例2, reporter=admin, description=工具导入测试2, priorityName=High, component=null, labels=[label2], assignee=admin, sprint=null, steps=[{"step":"1","data":"1","result":"1"}, 
{"step":"2","data":"2","result":"3"}, 
{"step":"3","data":"3","result":"3"}], commit=自动添加备注2]
2016-09-22 13:45:18  INFO com.beecloud.ui.BeeCloudWindow.initWindow: 127 - 初始化完成
2016-09-22 13:45:18  INFO com.beecloud.ui.BeeCloudWindow.itemStateChanged: 209 - The Project you selected is:abc
2016-09-22 13:45:29  INFO com.beecloud.ui.BeeCloudWindow.actionPerformed: 167 - selected file:C:\Users\dell\Desktop\TestCase.xls
2016-09-22 13:45:29  INFO com.beecloud.ui.BeeCloudWindow$1.run: 178 - TestCase importer is starting...
2016-09-22 13:45:29  INFO com.beecloud.ui.BeeCloudWindow$1.run: 180 - addIssue for project:abc
2016-09-22 13:45:29  INFO com.beecloud.ui.BeeCloudWindow$1.run: 181 - TestCase [caseName=测试用例1, reporter=admin, description=工具导入测试1, priorityName=High, component=null, labels=[label1], assignee=admin, sprint=null, steps=[{"step":"1","data":"1","result":"1"}, 
{"step":"2","data":"2","result":"3"}, 
{"step":"3","data":"3","result":"3"}], commit=自动添加备注1]
2016-09-22 13:45:30  INFO com.beecloud.ui.BeeCloudWindow$1.run: 180 - addIssue for project:abc
2016-09-22 13:45:30  INFO com.beecloud.ui.BeeCloudWindow$1.run: 181 - TestCase [caseName=测试用例2, reporter=admin, description=工具导入测试2, priorityName=High, component=null, labels=[label2], assignee=admin, sprint=null, steps=[{"step":"1","data":"1","result":"1"}, 
{"step":"2","data":"2","result":"3"}, 
{"step":"3","data":"3","result":"3"}], commit=自动添加备注2]
2016-09-22 13:46:58  INFO com.beecloud.ui.BeeCloudWindow.initWindow: 127 - 初始化完成
2016-09-22 13:46:59  INFO com.beecloud.ui.BeeCloudWindow.itemStateChanged: 210 - The Project you selected is:abc
2016-09-22 13:47:14  INFO com.beecloud.ui.BeeCloudWindow.actionPerformed: 167 - selected file:C:\Users\dell\Desktop\TestCase.xls
2016-09-22 13:47:14  INFO com.beecloud.ui.BeeCloudWindow$1.run: 178 - TestCase importer is starting...
2016-09-22 13:47:14  INFO com.beecloud.ui.BeeCloudWindow$1.run: 179 - addIssue for project:abc
2016-09-22 13:47:14  INFO com.beecloud.ui.BeeCloudWindow$1.run: 181 - TestCase [caseName=测试用例1, reporter=admin, description=工具导入测试1, priorityName=High, component=null, labels=[label1], assignee=admin, sprint=null, steps=[{"step":"1","data":"1","result":"1"}, 
{"step":"2","data":"2","result":"3"}, 
{"step":"3","data":"3","result":"3"}], commit=自动添加备注1]
2016-09-22 13:47:16  INFO com.beecloud.ui.BeeCloudWindow$1.run: 181 - TestCase [caseName=测试用例2, reporter=admin, description=工具导入测试2, priorityName=High, component=null, labels=[label2], assignee=admin, sprint=null, steps=[{"step":"1","data":"1","result":"1"}, 
{"step":"2","data":"2","result":"3"}, 
{"step":"3","data":"3","result":"3"}], commit=自动添加备注2]
2016-09-22 13:47:17  INFO com.beecloud.ui.BeeCloudWindow$1.run: 184 - Import Completed
